2025-03-11 16:43:01,649 - INFO - Inizializzazione Addestramento Interattivo...
2025-03-11 16:43:02,041 - INFO - Dimensioni dataset: (33446, 76)
2025-03-11 16:43:02,042 - INFO - Preprocessing...
2025-03-11 16:43:05,080 - INFO - Dati di addestramento caricati da 'training_data.json'.
2025-03-11 16:43:05,081 - INFO - Inizio Labeling Interattivo...
2025-03-11 16:50:21,916 - INFO - Inizializzazione Addestramento Interattivo...
2025-03-11 16:50:22,228 - INFO - Dimensioni dataset: (33446, 76)
2025-03-11 16:50:22,229 - INFO - Preprocessing...
2025-03-11 16:50:25,469 - INFO - Inizio Labeling Interattivo...
2025-03-11 17:00:18,571 - INFO - Inizializzazione Addestramento Interattivo...
2025-03-11 17:00:18,872 - INFO - Dimensioni dataset: (33446, 76)
2025-03-11 17:00:18,873 - INFO - Preprocessing...
2025-03-11 17:01:07,652 - INFO - Inizializzazione Addestramento Interattivo...
2025-03-11 17:01:07,942 - INFO - Dimensioni dataset: (33446, 76)
2025-03-11 17:01:07,942 - INFO - Preprocessing...
2025-03-11 17:01:10,885 - INFO - Inizio Labeling Interattivo...
2025-03-11 17:01:15,348 - INFO - Removing stop word United
2025-03-11 17:01:15,348 - INFO - Removing stop word States
2025-03-11 17:01:15,348 - INFO - Removing stop word Rd
2025-03-11 17:01:15,348 - INFO - Removing stop word Kingdom
2025-03-11 17:01:15,348 - INFO - Removing stop word St
2025-03-11 17:01:15,373 - INFO - Removing stop word  K
2025-03-11 17:01:15,373 - INFO - Removing stop word  L
2025-03-11 17:01:15,373 - INFO - Removing stop word  M
2025-03-11 17:01:15,373 - INFO - Removing stop word  P
2025-03-11 17:01:15,373 - INFO - Removing stop word 0 
2025-03-11 17:01:15,373 - INFO - Removing stop word 00
2025-03-11 17:01:15,373 - INFO - Removing stop word 20
2025-03-11 17:01:15,373 - INFO - Removing stop word Ma
2025-03-11 17:01:15,373 - INFO - Removing stop word Pa
2025-03-11 17:01:15,373 - INFO - Removing stop word a 
2025-03-11 17:01:15,374 - INFO - Removing stop word al
2025-03-11 17:01:15,374 - INFO - Removing stop word an
2025-03-11 17:01:15,374 - INFO - Removing stop word ay
2025-03-11 17:01:15,374 - INFO - Removing stop word g 
2025-03-11 17:01:15,374 - INFO - Removing stop word ha
2025-03-11 17:01:15,374 - INFO - Removing stop word ia
2025-03-11 17:01:15,374 - INFO - Removing stop word is
2025-03-11 17:01:15,374 - INFO - Removing stop word la
2025-03-11 17:01:15,374 - INFO - Removing stop word ng
2025-03-11 17:01:15,374 - INFO - Removing stop word s 
2025-03-11 17:01:15,374 - INFO - Removing stop word si
2025-03-11 17:01:15,374 - INFO - Removing stop word  0
2025-03-11 17:01:15,374 - INFO - Removing stop word  4
2025-03-11 17:01:15,374 - INFO - Removing stop word  W
2025-03-11 17:01:15,375 - INFO - Removing stop word 04
2025-03-11 17:01:15,375 - INFO - Removing stop word 4 
2025-03-11 17:01:15,375 - INFO - Removing stop word 6 
2025-03-11 17:01:15,375 - INFO - Removing stop word ad
2025-03-11 17:01:15,375 - INFO - Removing stop word ar
2025-03-11 17:01:15,375 - INFO - Removing stop word l 
2025-03-11 17:01:15,375 - INFO - Removing stop word ro
2025-03-11 17:01:15,375 - INFO - Removing stop word rs
2025-03-11 17:01:15,375 - INFO - Removing stop word ul
2025-03-11 17:01:15,375 - INFO - Removing stop word wa
2025-03-11 17:01:15,376 - INFO - Removing stop word  5
2025-03-11 17:01:15,376 - INFO - Removing stop word  C
2025-03-11 17:01:15,376 - INFO - Removing stop word  G
2025-03-11 17:01:15,376 - INFO - Removing stop word  N
2025-03-11 17:01:15,376 - INFO - Removing stop word  R
2025-03-11 17:01:15,376 - INFO - Removing stop word  S
2025-03-11 17:01:15,376 - INFO - Removing stop word 23
2025-03-11 17:01:15,376 - INFO - Removing stop word 30
2025-03-11 17:01:15,376 - INFO - Removing stop word 50
2025-03-11 17:01:15,376 - INFO - Removing stop word 7 
2025-03-11 17:01:15,376 - INFO - Removing stop word Co
2025-03-11 17:01:15,376 - INFO - Removing stop word Ge
2025-03-11 17:01:15,376 - INFO - Removing stop word No
2025-03-11 17:01:15,376 - INFO - Removing stop word St
2025-03-11 17:01:15,376 - INFO - Removing stop word e 
2025-03-11 17:01:15,377 - INFO - Removing stop word er
2025-03-11 17:01:15,377 - INFO - Removing stop word es
2025-03-11 17:01:15,377 - INFO - Removing stop word ge
2025-03-11 17:01:15,377 - INFO - Removing stop word h 
2025-03-11 17:01:15,377 - INFO - Removing stop word hi
2025-03-11 17:01:15,377 - INFO - Removing stop word in
2025-03-11 17:01:15,377 - INFO - Removing stop word li
2025-03-11 17:01:15,377 - INFO - Removing stop word lo
2025-03-11 17:01:15,377 - INFO - Removing stop word ma
2025-03-11 17:01:15,377 - INFO - Removing stop word ne
2025-03-11 17:01:15,377 - INFO - Removing stop word ny
2025-03-11 17:01:15,378 - INFO - Removing stop word ol
2025-03-11 17:01:15,378 - INFO - Removing stop word or
2025-03-11 17:01:15,378 - INFO - Removing stop word r 
2025-03-11 17:01:15,378 - INFO - Removing stop word ra
2025-03-11 17:01:15,378 - INFO - Removing stop word rg
2025-03-11 17:01:15,378 - INFO - Removing stop word rm
2025-03-11 17:01:15,378 - INFO - Removing stop word rt
2025-03-11 17:01:15,378 - INFO - Removing stop word st
2025-03-11 17:01:15,378 - INFO - Removing stop word th
2025-03-11 17:01:15,378 - INFO - Removing stop word tr
2025-03-11 17:01:15,378 - INFO - Removing stop word ur
2025-03-11 17:01:15,378 - INFO - Removing stop word  U
2025-03-11 17:01:15,378 - INFO - Removing stop word Un
2025-03-11 17:01:15,378 - INFO - Removing stop word ai
2025-03-11 17:01:15,378 - INFO - Removing stop word at
2025-03-11 17:01:15,379 - INFO - Removing stop word d 
2025-03-11 17:01:15,379 - INFO - Removing stop word ed
2025-03-11 17:01:15,379 - INFO - Removing stop word it
2025-03-11 17:01:15,379 - INFO - Removing stop word ni
2025-03-11 17:01:15,379 - INFO - Removing stop word t 
2025-03-11 17:01:15,379 - INFO - Removing stop word ta
2025-03-11 17:01:15,379 - INFO - Removing stop word te
2025-03-11 17:01:15,379 - INFO - Removing stop word ve
2025-03-11 17:01:15,379 - INFO - Removing stop word  D
2025-03-11 17:01:15,379 - INFO - Removing stop word 9 
2025-03-11 17:01:15,379 - INFO - Removing stop word au
2025-03-11 17:01:15,379 - INFO - Removing stop word ei
2025-03-11 17:01:15,379 - INFO - Removing stop word en
2025-03-11 17:01:15,380 - INFO - Removing stop word se
2025-03-11 17:01:15,380 - INFO - Removing stop word us
2025-03-11 17:01:15,380 - INFO - Removing stop word  3
2025-03-11 17:01:15,380 - INFO - Removing stop word  A
2025-03-11 17:01:15,380 - INFO - Removing stop word  V
2025-03-11 17:01:15,380 - INFO - Removing stop word 31
2025-03-11 17:01:15,380 - INFO - Removing stop word 5 
2025-03-11 17:01:15,380 - INFO - Removing stop word Rd
2025-03-11 17:01:15,380 - INFO - Removing stop word Vi
2025-03-11 17:01:15,380 - INFO - Removing stop word el
2025-03-11 17:01:15,380 - INFO - Removing stop word ic
2025-03-11 17:01:15,380 - INFO - Removing stop word il
2025-03-11 17:01:15,380 - INFO - Removing stop word ll
2025-03-11 17:01:15,380 - INFO - Removing stop word ou
2025-03-11 17:01:15,380 - INFO - Removing stop word ri
2025-03-11 17:01:15,380 - INFO - Removing stop word rn
2025-03-11 17:01:15,381 - INFO - Removing stop word to
2025-03-11 17:01:15,381 - INFO - Removing stop word  1
2025-03-11 17:01:15,381 - INFO - Removing stop word  B
2025-03-11 17:01:15,381 - INFO - Removing stop word 1 
2025-03-11 17:01:15,381 - INFO - Removing stop word 14
2025-03-11 17:01:15,381 - INFO - Removing stop word 25
2025-03-11 17:01:15,381 - INFO - Removing stop word 41
2025-03-11 17:01:15,381 - INFO - Removing stop word 8 
2025-03-11 17:01:15,381 - INFO - Removing stop word ir
2025-03-11 17:01:15,381 - INFO - Removing stop word na
2025-03-11 17:01:15,381 - INFO - Removing stop word no
2025-03-11 17:01:15,381 - INFO - Removing stop word nt
2025-03-11 17:01:15,381 - INFO - Removing stop word om
2025-03-11 17:01:15,381 - INFO - Removing stop word on
2025-03-11 17:01:15,381 - INFO - Removing stop word os
2025-03-11 17:01:15,381 - INFO - Removing stop word re
2025-03-11 17:01:15,382 - INFO - Removing stop word ti
2025-03-11 17:01:15,382 - INFO - Removing stop word ue
2025-03-11 17:01:15,382 - INFO - Removing stop word ut
2025-03-11 17:01:15,382 - INFO - Removing stop word y 
2025-03-11 17:01:15,382 - INFO - Removing stop word  F
2025-03-11 17:01:15,382 - INFO - Removing stop word  H
2025-03-11 17:01:15,382 - INFO - Removing stop word  O
2025-03-11 17:01:15,382 - INFO - Removing stop word 17
2025-03-11 17:01:15,382 - INFO - Removing stop word 21
2025-03-11 17:01:15,382 - INFO - Removing stop word 32
2025-03-11 17:01:15,382 - INFO - Removing stop word Av
2025-03-11 17:01:15,382 - INFO - Removing stop word Be
2025-03-11 17:01:15,382 - INFO - Removing stop word ac
2025-03-11 17:01:15,382 - INFO - Removing stop word ch
2025-03-11 17:01:15,382 - INFO - Removing stop word ea
2025-03-11 17:01:15,382 - INFO - Removing stop word nd
2025-03-11 17:01:15,382 - INFO - Removing stop word 18
2025-03-11 17:01:15,383 - INFO - Removing stop word Ki
2025-03-11 17:01:15,383 - INFO - Removing stop word be
2025-03-11 17:01:15,383 - INFO - Removing stop word ce
2025-03-11 17:01:15,383 - INFO - Removing stop word do
2025-03-11 17:01:15,383 - INFO - Removing stop word gd
2025-03-11 17:01:15,383 - INFO - Removing stop word pa
2025-03-11 17:01:15,383 - INFO - Removing stop word rk
2025-03-11 17:01:15,383 - INFO - Removing stop word  T
2025-03-11 17:01:15,383 - INFO - Removing stop word 60
2025-03-11 17:01:15,383 - INFO - Removing stop word  6
2025-03-11 17:01:15,383 - INFO - Removing stop word  E
2025-03-11 17:01:15,383 - INFO - Removing stop word  I
2025-03-11 17:01:15,383 - INFO - Removing stop word Ca
2025-03-11 17:01:15,383 - INFO - Removing stop word In
2025-03-11 17:01:15,383 - INFO - Removing stop word Ne
2025-03-11 17:01:15,383 - INFO - Removing stop word ba
2025-03-11 17:01:15,383 - INFO - Removing stop word ew
2025-03-11 17:01:15,384 - INFO - Removing stop word  9
2025-03-11 17:01:15,384 - INFO - Removing stop word 12
2025-03-11 17:01:15,384 - INFO - Removing stop word 13
2025-03-11 17:01:15,384 - INFO - Removing stop word 2 
2025-03-11 17:01:15,384 - INFO - Removing stop word Ro
2025-03-11 17:01:15,384 - INFO - Removing stop word n 
2025-03-11 17:01:15,384 - INFO - Removing stop word oa
2025-03-11 17:01:15,384 - INFO - Removing stop word  2
2025-03-11 17:01:15,384 - INFO - Removing stop word id
2025-03-11 17:01:15,384 - INFO - Removing stop word  7
2025-03-11 17:01:15,384 - INFO - Removing stop word  d
2025-03-11 17:01:15,384 - INFO - Removing stop word de
2025-03-11 17:01:15,384 - INFO - Removing stop word nc
2025-03-11 17:01:15,384 - INFO - Removing stop word ak
2025-03-11 17:01:15,384 - INFO - Removing stop word co
2025-03-11 17:01:15,384 - INFO - Removing stop word da
2025-03-11 17:01:15,384 - INFO - Removing stop word k 
2025-03-11 17:01:15,385 - INFO - Removing stop word et
2025-03-11 17:01:15,385 - INFO - Removing stop word he
2025-03-11 17:01:15,385 - INFO - Removing stop word ho
2025-03-11 17:01:15,385 - INFO - Removing stop word ie
2025-03-11 17:01:15,385 - INFO - Removing stop word ns
2025-03-11 17:01:15,385 - INFO - Removing stop word rl
2025-03-11 17:01:15,385 - INFO - Removing stop word un
2025-03-11 17:01:15,385 - INFO - Removing stop word  8
2025-03-11 17:01:15,385 - INFO - Removing stop word 10
2025-03-11 17:01:15,385 - INFO - Removing stop word 15
2025-03-11 17:01:15,385 - INFO - Removing stop word 3 
2025-03-11 17:01:15,385 - INFO - Removing stop word A 
2025-03-11 17:01:15,385 - INFO - Removing stop word le
2025-03-11 17:01:15,385 - INFO - Removing stop word Br
2025-03-11 17:01:15,386 - INFO - Removing stop word 40
2025-03-11 17:01:15,386 - INFO - Removing stop word E 
2025-03-11 17:01:15,386 - INFO - Removing stop word oo
2025-03-11 17:01:15,386 - INFO - Removing stop word 02
2025-03-11 17:01:15,386 - INFO - Removing stop word ag
2025-03-11 17:01:15,386 - INFO - Removing stop word am
2025-03-11 17:01:15,386 - INFO - Removing stop word di
2025-03-11 17:01:15,386 - INFO - Removing stop word ga
2025-03-11 17:01:15,386 - INFO - Removing stop word i 
2025-03-11 17:01:15,386 - INFO - Removing stop word m 
2025-03-11 17:01:15,386 - INFO - Removing stop word N 
2025-03-11 17:01:15,386 - INFO - Removing stop word sh
2025-03-11 17:01:15,386 - INFO - Removing stop word sa
2025-03-11 17:01:15,386 - INFO - Removing stop word  J
2025-03-11 17:01:15,386 - INFO - Removing stop word 70
2025-03-11 17:01:15,386 - INFO - Removing stop word as
2025-03-11 17:01:15,386 - INFO - Removing stop word az
2025-03-11 17:01:15,386 - INFO - Removing stop word ui
2025-03-11 17:01:15,387 - INFO - Removing stop word 01
2025-03-11 17:01:15,387 - INFO - Removing stop word Sa
2025-03-11 17:01:15,387 - INFO - Removing stop word o 
2025-03-11 17:01:15,387 - INFO - Removing stop word 03
2025-03-11 17:01:15,387 - INFO - Removing stop word io
2025-03-11 17:01:15,387 - INFO - Removing stop word 06
2025-03-11 17:01:15,387 - INFO - Removing stop word 16
2025-03-11 17:01:15,387 - INFO - Removing stop word me
2025-03-11 17:01:15,387 - INFO - Removing stop word rd
2025-03-11 17:01:15,387 - INFO - Removing stop word ee
2025-03-11 17:01:15,387 - INFO - Removing stop word 80
2025-03-11 17:01:15,387 - INFO - Removing stop word ap
2025-03-11 17:01:15,387 - INFO - Removing stop word Ch
2025-03-11 17:01:15,387 - INFO - Removing stop word 11
2025-03-11 17:01:15,387 - INFO - Removing stop word ss
2025-03-11 17:01:15,387 - INFO - Removing stop word 22
2025-03-11 17:01:15,387 - INFO - Removing stop word Ba
2025-03-11 17:01:15,387 - INFO - Removing stop word vi
2025-03-11 17:01:15,387 - INFO - Removing stop word ka
2025-03-11 17:01:15,388 - INFO - Removing stop word 05
2025-03-11 17:01:15,388 - INFO - Removing stop word ca
2025-03-11 17:01:16,991 - INFO - Removing stop word  d
2025-03-11 17:01:16,991 - INFO - Removing stop word  h
2025-03-11 17:01:16,991 - INFO - Removing stop word  i
2025-03-11 17:01:16,991 - INFO - Removing stop word  p
2025-03-11 17:01:16,991 - INFO - Removing stop word ce
2025-03-11 17:01:16,991 - INFO - Removing stop word e 
2025-03-11 17:01:16,991 - INFO - Removing stop word en
2025-03-11 17:01:16,991 - INFO - Removing stop word es
2025-03-11 17:01:16,991 - INFO - Removing stop word ho
2025-03-11 17:01:16,991 - INFO - Removing stop word ie
2025-03-11 17:01:16,991 - INFO - Removing stop word ni
2025-03-11 17:01:16,992 - INFO - Removing stop word nt
2025-03-11 17:01:16,992 - INFO - Removing stop word ro
2025-03-11 17:01:16,992 - INFO - Removing stop word  c
2025-03-11 17:01:16,992 - INFO - Removing stop word a 
2025-03-11 17:01:16,992 - INFO - Removing stop word ac
2025-03-11 17:01:16,992 - INFO - Removing stop word ar
2025-03-11 17:01:16,992 - INFO - Removing stop word at
2025-03-11 17:01:16,992 - INFO - Removing stop word ia
2025-03-11 17:01:16,992 - INFO - Removing stop word la
2025-03-11 17:01:16,992 - INFO - Removing stop word ma
2025-03-11 17:01:16,992 - INFO - Removing stop word sa
2025-03-11 17:01:16,992 - INFO - Removing stop word te
2025-03-11 17:01:16,992 - INFO - Removing stop word as
2025-03-11 17:01:16,992 - INFO - Removing stop word ic
2025-03-11 17:01:16,992 - INFO - Removing stop word le
2025-03-11 17:01:16,993 - INFO - Removing stop word st
2025-03-11 17:01:16,993 - INFO - Removing stop word ti
2025-03-11 17:01:16,993 - INFO - Removing stop word  m
2025-03-11 17:01:16,993 - INFO - Removing stop word  s
2025-03-11 17:01:16,993 - INFO - Removing stop word am
2025-03-11 17:01:16,993 - INFO - Removing stop word mi
2025-03-11 17:01:16,993 - INFO - Removing stop word n 
2025-03-11 17:01:16,993 - INFO - Removing stop word na
2025-03-11 17:01:16,993 - INFO - Removing stop word si
2025-03-11 17:01:16,993 - INFO - Removing stop word y 
2025-03-11 17:01:16,993 - INFO - Removing stop word  a
2025-03-11 17:01:16,993 - INFO - Removing stop word  g
2025-03-11 17:01:16,993 - INFO - Removing stop word al
2025-03-11 17:01:16,993 - INFO - Removing stop word ch
2025-03-11 17:01:16,993 - INFO - Removing stop word er
2025-03-11 17:01:16,993 - INFO - Removing stop word et
2025-03-11 17:01:16,993 - INFO - Removing stop word g 
2025-03-11 17:01:16,994 - INFO - Removing stop word ha
2025-03-11 17:01:16,994 - INFO - Removing stop word io
2025-03-11 17:01:16,994 - INFO - Removing stop word l 
2025-03-11 17:01:16,994 - INFO - Removing stop word li
2025-03-11 17:01:16,994 - INFO - Removing stop word ng
2025-03-11 17:01:16,994 - INFO - Removing stop word om
2025-03-11 17:01:16,994 - INFO - Removing stop word on
2025-03-11 17:01:16,994 - INFO - Removing stop word ra
2025-03-11 17:01:16,994 - INFO - Removing stop word rt
2025-03-11 17:01:16,994 - INFO - Removing stop word se
2025-03-11 17:01:16,994 - INFO - Removing stop word so
2025-03-11 17:01:16,994 - INFO - Removing stop word tr
2025-03-11 17:01:16,994 - INFO - Removing stop word un
2025-03-11 17:01:16,994 - INFO - Removing stop word vi
2025-03-11 17:01:16,994 - INFO - Removing stop word  l
2025-03-11 17:01:16,994 - INFO - Removing stop word  o
2025-03-11 17:01:16,994 - INFO - Removing stop word or
2025-03-11 17:01:16,995 - INFO - Removing stop word ri
2025-03-11 17:01:16,995 - INFO - Removing stop word rs
2025-03-11 17:01:16,995 - INFO - Removing stop word s 
2025-03-11 17:01:16,995 - INFO - Removing stop word t 
2025-03-11 17:01:16,995 - INFO - Removing stop word ur
2025-03-11 17:01:16,995 - INFO - Removing stop word ve
2025-03-11 17:01:16,995 - INFO - Removing stop word ta
2025-03-11 17:01:16,995 - INFO - Removing stop word  r
2025-03-11 17:01:16,995 - INFO - Removing stop word il
2025-03-11 17:01:16,995 - INFO - Removing stop word in
2025-03-11 17:01:16,995 - INFO - Removing stop word ou
2025-03-11 17:01:16,995 - INFO - Removing stop word de
2025-03-11 17:01:16,995 - INFO - Removing stop word to
2025-03-11 17:01:16,995 - INFO - Removing stop word ge
2025-03-11 17:01:16,995 - INFO - Removing stop word ne
2025-03-11 17:01:16,995 - INFO - Removing stop word pa
2025-03-11 17:01:16,995 - INFO - Removing stop word  t
2025-03-11 17:01:16,995 - INFO - Removing stop word ad
2025-03-11 17:01:16,996 - INFO - Removing stop word d 
2025-03-11 17:01:16,996 - INFO - Removing stop word ea
2025-03-11 17:01:16,996 - INFO - Removing stop word he
2025-03-11 17:01:16,996 - INFO - Removing stop word re
2025-03-11 17:01:16,996 - INFO - Removing stop word an
2025-03-11 17:01:16,996 - INFO - Removing stop word ca
2025-03-11 17:01:16,996 - INFO - Removing stop word di
2025-03-11 17:01:16,996 - INFO - Removing stop word us
2025-03-11 17:01:16,996 - INFO - Removing stop word  f
2025-03-11 17:01:16,996 - INFO - Removing stop word me
2025-03-11 17:01:16,996 - INFO - Removing stop word r 
2025-03-11 17:01:16,996 - INFO - Removing stop word co
2025-03-11 17:01:16,996 - INFO - Removing stop word lo
2025-03-11 17:01:16,996 - INFO - Removing stop word th
2025-03-11 17:01:16,996 - INFO - Removing stop word ed
2025-03-11 17:01:16,996 - INFO - Removing stop word el
2025-03-11 17:01:16,996 - INFO - Removing stop word is
2025-03-11 17:01:16,996 - INFO - Removing stop word ll
2025-03-11 17:01:16,997 - INFO - Removing stop word nd
2025-03-11 17:01:16,997 - INFO - Removing stop word it
2025-03-11 17:01:16,997 - INFO - Removing stop word  b
2025-03-11 17:01:16,997 - INFO - Removing stop word be
2025-03-11 17:01:16,997 - INFO - Removing stop word o 
2025-03-11 17:01:16,997 - INFO - Removing stop word ut
2025-03-11 17:01:16,997 - INFO - Removing stop word ns
2025-03-11 17:01:16,997 - INFO - Removing stop word  e
2025-03-11 17:01:16,997 - INFO - Removing stop word ba
2025-03-11 17:01:16,997 - INFO - Removing stop word ol
2025-03-11 17:01:17,548 - INFO - Removing stop word 00
2025-03-11 17:01:17,548 - INFO - Removing stop word 12
2025-03-11 17:01:17,548 - INFO - Removing stop word 27
2025-03-11 17:01:17,548 - INFO - Removing stop word 28
2025-03-11 17:01:17,548 - INFO - Removing stop word 42
2025-03-11 17:01:17,548 - INFO - Removing stop word 49
2025-03-11 17:01:17,548 - INFO - Removing stop word 80
2025-03-11 17:01:17,549 - INFO - Removing stop word 15
2025-03-11 17:01:17,549 - INFO - Removing stop word 31
2025-03-11 17:01:17,549 - INFO - Removing stop word 35
2025-03-11 17:01:17,549 - INFO - Removing stop word 70
2025-03-11 17:01:17,549 - INFO - Removing stop word 20
2025-03-11 17:01:17,549 - INFO - Removing stop word 21
2025-03-11 17:01:17,549 - INFO - Removing stop word 34
2025-03-11 17:01:17,549 - INFO - Removing stop word 40
2025-03-11 17:01:17,549 - INFO - Removing stop word 43
2025-03-11 17:01:17,549 - INFO - Removing stop word 55
2025-03-11 17:01:17,549 - INFO - Removing stop word 19
2025-03-11 17:01:17,549 - INFO - Removing stop word 32
2025-03-11 17:01:17,549 - INFO - Removing stop word 41
2025-03-11 17:01:17,549 - INFO - Removing stop word 51
2025-03-11 17:01:17,549 - INFO - Removing stop word 90
2025-03-11 17:01:17,549 - INFO - Removing stop word 44
2025-03-11 17:01:17,549 - INFO - Removing stop word 60
2025-03-11 17:01:17,549 - INFO - Removing stop word 61
2025-03-11 17:01:17,550 - INFO - Removing stop word 11
2025-03-11 17:01:17,550 - INFO - Removing stop word 14
2025-03-11 17:01:17,550 - INFO - Removing stop word 16
2025-03-11 17:01:17,550 - INFO - Removing stop word 39
2025-03-11 17:01:17,550 - INFO - Removing stop word 52
2025-03-11 17:01:17,550 - INFO - Removing stop word 24
2025-03-11 17:01:17,550 - INFO - Removing stop word 47
2025-03-11 17:01:17,550 - INFO - Removing stop word 54
2025-03-11 17:01:17,550 - INFO - Removing stop word 03
2025-03-11 17:01:17,550 - INFO - Removing stop word 33
2025-03-11 17:01:17,550 - INFO - Removing stop word 62
2025-03-11 17:01:17,550 - INFO - Removing stop word 86
2025-03-11 17:01:17,550 - INFO - Removing stop word 13
2025-03-11 17:01:17,550 - INFO - Removing stop word 23
2025-03-11 17:01:17,550 - INFO - Removing stop word 36
2025-03-11 17:01:17,550 - INFO - Removing stop word 77
2025-03-11 17:01:17,550 - INFO - Removing stop word 88
2025-03-11 17:01:17,550 - INFO - Removing stop word 10
2025-03-11 17:01:17,551 - INFO - Removing stop word 22
2025-03-11 17:01:17,551 - INFO - Removing stop word 18
2025-03-11 17:01:17,551 - INFO - Removing stop word 81
2025-03-11 17:01:17,551 - INFO - Removing stop word 17
2025-03-11 17:01:17,551 - INFO - Removing stop word 91
2025-03-11 17:01:17,551 - INFO - Removing stop word 25
2025-03-11 17:01:17,551 - INFO - Removing stop word 46
2025-03-11 17:01:17,551 - INFO - Removing stop word 30
2025-03-11 17:01:17,551 - INFO - Removing stop word 98
2025-03-11 17:01:17,551 - INFO - Removing stop word 02
2025-03-11 17:01:17,551 - INFO - Removing stop word 50
2025-03-11 17:01:19,395 - INFO - Removing stop word com
2025-03-11 17:01:19,395 - INFO - Removing stop word www
2025-03-11 17:01:19,395 - INFO - Removing stop word opi
2025-03-11 17:01:19,395 - INFO - Removing stop word 79508299
2025-03-11 17:01:19,395 - INFO - Removing stop word sa
2025-03-11 17:01:19,395 - INFO - Removing stop word u
2025-03-11 17:01:19,395 - INFO - Removing stop word ved
2025-03-11 17:01:19,396 - INFO - Removing stop word usg
2025-03-11 17:01:19,396 - INFO - Removing stop word co
2025-03-11 17:01:19,396 - INFO - Removing stop word de
2025-03-11 17:01:19,398 - INFO - Removing stop word al
2025-03-11 17:01:19,398 - INFO - Removing stop word co
2025-03-11 17:01:19,398 - INFO - Removing stop word er
2025-03-11 17:01:19,398 - INFO - Removing stop word es
2025-03-11 17:01:19,399 - INFO - Removing stop word et
2025-03-11 17:01:19,399 - INFO - Removing stop word om
2025-03-11 17:01:19,399 - INFO - Removing stop word st
2025-03-11 17:01:19,399 - INFO - Removing stop word we
2025-03-11 17:01:19,399 - INFO - Removing stop word ac
2025-03-11 17:01:19,399 - INFO - Removing stop word an
2025-03-11 17:01:19,399 - INFO - Removing stop word ca
2025-03-11 17:01:19,399 - INFO - Removing stop word de
2025-03-11 17:01:19,399 - INFO - Removing stop word di
2025-03-11 17:01:19,399 - INFO - Removing stop word ia
2025-03-11 17:01:19,399 - INFO - Removing stop word la
2025-03-11 17:01:19,399 - INFO - Removing stop word na
2025-03-11 17:01:19,399 - INFO - Removing stop word oc
2025-03-11 17:01:19,399 - INFO - Removing stop word as
2025-03-11 17:01:19,399 - INFO - Removing stop word ma
2025-03-11 17:01:19,399 - INFO - Removing stop word si
2025-03-11 17:01:19,399 - INFO - Removing stop word ta
2025-03-11 17:01:19,400 - INFO - Removing stop word ww
2025-03-11 17:01:19,400 - INFO - Removing stop word 08
2025-03-11 17:01:19,400 - INFO - Removing stop word 0a
2025-03-11 17:01:19,400 - INFO - Removing stop word 1g
2025-03-11 17:01:19,400 - INFO - Removing stop word 29
2025-03-11 17:01:19,400 - INFO - Removing stop word 50
2025-03-11 17:01:19,400 - INFO - Removing stop word 61
2025-03-11 17:01:19,400 - INFO - Removing stop word 79
2025-03-11 17:01:19,400 - INFO - Removing stop word 82
2025-03-11 17:01:19,400 - INFO - Removing stop word 95
2025-03-11 17:01:19,400 - INFO - Removing stop word 99
2025-03-11 17:01:19,400 - INFO - Removing stop word 9s
2025-03-11 17:01:19,400 - INFO - Removing stop word ah
2025-03-11 17:01:19,400 - INFO - Removing stop word ao
2025-03-11 17:01:19,400 - INFO - Removing stop word au
2025-03-11 17:01:19,400 - INFO - Removing stop word aw
2025-03-11 17:01:19,401 - INFO - Removing stop word ax
2025-03-11 17:01:19,401 - INFO - Removing stop word d0
2025-03-11 17:01:19,401 - INFO - Removing stop word ed
2025-03-11 17:01:19,401 - INFO - Removing stop word ew
2025-03-11 17:01:19,401 - INFO - Removing stop word ga
2025-03-11 17:01:19,401 - INFO - Removing stop word gi
2025-03-11 17:01:19,401 - INFO - Removing stop word ha
2025-03-11 17:01:19,401 - INFO - Removing stop word hu
2025-03-11 17:01:19,401 - INFO - Removing stop word i7
2025-03-11 17:01:19,401 - INFO - Removing stop word ig
2025-03-11 17:01:19,401 - INFO - Removing stop word it
2025-03-11 17:01:19,401 - INFO - Removing stop word ke
2025-03-11 17:01:19,401 - INFO - Removing stop word op
2025-03-11 17:01:19,401 - INFO - Removing stop word ov
2025-03-11 17:01:19,401 - INFO - Removing stop word pi
2025-03-11 17:01:19,401 - INFO - Removing stop word q6
2025-03-11 17:01:19,401 - INFO - Removing stop word rs
2025-03-11 17:01:19,402 - INFO - Removing stop word sa
2025-03-11 17:01:19,402 - INFO - Removing stop word sg
2025-03-11 17:01:19,402 - INFO - Removing stop word uk
2025-03-11 17:01:19,402 - INFO - Removing stop word us
2025-03-11 17:01:19,402 - INFO - Removing stop word uv
2025-03-11 17:01:19,402 - INFO - Removing stop word va
2025-03-11 17:01:19,402 - INFO - Removing stop word ve
2025-03-11 17:01:19,402 - INFO - Removing stop word vv
2025-03-11 17:01:19,402 - INFO - Removing stop word wi
2025-03-11 17:01:19,402 - INFO - Removing stop word ne
2025-03-11 17:01:19,402 - INFO - Removing stop word ra
2025-03-11 17:01:19,402 - INFO - Removing stop word rc
2025-03-11 17:01:19,402 - INFO - Removing stop word wa
2025-03-11 17:01:19,402 - INFO - Removing stop word at
2025-03-11 17:01:19,402 - INFO - Removing stop word in
2025-03-11 17:01:19,402 - INFO - Removing stop word nt
2025-03-11 17:01:19,402 - INFO - Removing stop word ti
2025-03-11 17:01:19,403 - INFO - Removing stop word am
2025-03-11 17:01:19,403 - INFO - Removing stop word en
2025-03-11 17:01:19,403 - INFO - Removing stop word me
2025-03-11 17:01:19,403 - INFO - Removing stop word ng
2025-03-11 17:01:19,403 - INFO - Removing stop word ns
2025-03-11 17:01:19,403 - INFO - Removing stop word th
2025-03-11 17:01:19,403 - INFO - Removing stop word el
2025-03-11 17:01:19,403 - INFO - Removing stop word io
2025-03-11 17:01:19,403 - INFO - Removing stop word li
2025-03-11 17:01:19,403 - INFO - Removing stop word on
2025-03-11 17:01:19,403 - INFO - Removing stop word or
2025-03-11 17:01:19,403 - INFO - Removing stop word le
2025-03-11 17:01:19,403 - INFO - Removing stop word sc
2025-03-11 17:01:19,403 - INFO - Removing stop word wj
2025-03-11 17:01:19,403 - INFO - Removing stop word ei
2025-03-11 17:01:19,403 - INFO - Removing stop word ie
2025-03-11 17:01:19,403 - INFO - Removing stop word mo
2025-03-11 17:01:19,404 - INFO - Removing stop word pa
2025-03-11 17:01:19,404 - INFO - Removing stop word tr
2025-03-11 17:01:19,404 - INFO - Removing stop word ai
2025-03-11 17:01:19,404 - INFO - Removing stop word ce
2025-03-11 17:01:19,404 - INFO - Removing stop word re
2025-03-11 17:01:19,404 - INFO - Removing stop word te
2025-03-11 17:01:19,404 - INFO - Removing stop word ll
2025-03-11 17:01:19,404 - INFO - Removing stop word he
2025-03-11 17:01:19,404 - INFO - Removing stop word ic
2025-03-11 17:01:19,404 - INFO - Removing stop word ou
2025-03-11 17:01:19,404 - INFO - Removing stop word ho
2025-03-11 17:01:19,404 - INFO - Removing stop word il
2025-03-11 17:01:19,404 - INFO - Removing stop word ri
2025-03-11 17:01:19,404 - INFO - Removing stop word nc
2025-03-11 17:01:19,404 - INFO - Removing stop word nd
2025-03-11 17:01:19,404 - INFO - Removing stop word ar
2025-03-11 17:01:19,404 - INFO - Removing stop word ec
2025-03-11 17:01:19,404 - INFO - Removing stop word is
2025-03-11 17:01:19,405 - INFO - Removing stop word se
2025-03-11 17:01:19,405 - INFO - Removing stop word to
2025-03-11 17:01:19,405 - INFO - Removing stop word ro
2025-03-11 17:01:19,405 - INFO - Removing stop word ch
2025-03-11 17:01:19,405 - INFO - Removing stop word ea
2025-03-11 17:01:19,405 - INFO - Removing stop word if
2025-03-11 17:01:19,405 - INFO - Removing stop word ni
2025-03-11 17:01:19,405 - INFO - Removing stop word ur
2025-03-11 17:01:19,405 - INFO - Removing stop word ge
2025-03-11 17:01:19,405 - INFO - Removing stop word rg
2025-03-11 17:01:19,405 - INFO - Removing stop word lo
2025-03-11 17:01:19,405 - INFO - Removing stop word rt
2025-03-11 17:11:30,577 - INFO - Final predicate set:
2025-03-11 17:11:30,579 - INFO - ExistsPredicate: (Exists, normalized_phone)
2025-03-11 17:11:55,095 - INFO - Final predicate set:
2025-03-11 17:11:55,096 - INFO - ExistsPredicate: (Exists, normalized_phone)
2025-03-11 17:11:55,096 - INFO - TfidfTextCanopyPredicate: (0.8, normalized_url)
2025-03-11 17:12:01,057 - INFO - Final predicate set:
2025-03-11 17:12:01,057 - INFO - ExistsPredicate: (Exists, normalized_phone)
2025-03-11 17:12:01,057 - INFO - TfidfTextCanopyPredicate: (0.8, normalized_url)
2025-03-11 17:12:01,057 - INFO - SimplePredicate: (wholeFieldPredicate, clean_company_name)
2025-03-11 17:12:03,993 - INFO - Final predicate set:
2025-03-11 17:12:03,993 - INFO - TfidfTextCanopyPredicate: (0.6, clean_company_name)
2025-03-11 17:12:03,994 - INFO - ExistsPredicate: (Exists, normalized_phone)
2025-03-11 17:12:06,036 - INFO - Final predicate set:
2025-03-11 17:12:06,036 - INFO - ExistsPredicate: (Exists, normalized_phone)
2025-03-11 17:12:06,036 - INFO - TfidfNGramCanopyPredicate: (0.6, normalized_url)
2025-03-11 17:12:06,036 - INFO - SimplePredicate: (firstTwoTokensPredicate, clean_company_name)
2025-03-11 17:12:11,757 - INFO - Final predicate set:
2025-03-11 17:12:11,757 - INFO - TfidfNGramCanopyPredicate: (0.4, normalized_url)
2025-03-11 17:12:11,757 - INFO - ExistsPredicate: (Exists, normalized_phone)
2025-03-11 17:12:18,151 - INFO - Final predicate set:
2025-03-11 17:12:18,151 - INFO - SimplePredicate: (firstTwoTokensPredicate, clean_company_name)
2025-03-11 17:12:18,151 - INFO - ExistsPredicate: (Exists, normalized_phone)
2025-03-11 17:12:18,151 - INFO - TfidfTextCanopyPredicate: (0.6, normalized_url)
2025-03-11 17:12:51,646 - INFO - Dati di addestramento salvati in 'training_data_test.json'.
