Error in ###_www_Canada: No records have been blocked together. Is the data you are trying to match like the data you trained on? If so, try adding more training data.
Error in ###_www_Germany: No records have been blocked together. Is the data you are trying to match like the data you trained on? If so, try adding more training data.
Error in ###_www_India: No records have been blocked together. Is the data you are trying to match like the data you trained on? If so, try adding more training data.
Error in ###_www_Italy: No records have been blocked together. Is the data you are trying to match like the data you trained on? If so, try adding more training data.
Error in ###_www_Japan: No records have been blocked together. Is the data you are trying to match like the data you trained on? If so, try adding more training data.
Error in ###_www_Malaysia: No records have been blocked together. Is the data you are trying to match like the data you trained on? If so, try adding more training data.
Error in ###_www_Singapore: No records have been blocked together. Is the data you are trying to match like the data you trained on? If so, try adding more training data.
Error in ###_www_Switzerland: No records have been blocked together. Is the data you are trying to match like the data you trained on? If so, try adding more training data.
Error in ###_www_Taiwan: No records have been blocked together. Is the data you are trying to match like the data you trained on? If so, try adding more training data.
Error in ###_www_United States: No records have been blocked together. Is the data you are trying to match like the data you trained on? If so, try adding more training data.
Error in ###_www_ZZ: No records have been blocked together. Is the data you are trying to match like the data you trained on? If so, try adding more training data.
Error in a l_www_Poland: No records have been blocked together. Is the data you are trying to match like the data you trained on? If so, try adding more training data.
Error in a m_www_United States: No records have been blocked together. Is the data you are trying to match like the data you trained on? If so, try adding more training data.
Error in age_www_France: No records have been blocked together. Is the data you are trying to match like the data you trained on? If so, try adding more training data.
Error in aka_www_Turkey: No records have been blocked together. Is the data you are trying to match like the data you trained on? If so, try adding more training data.
Error in alb_www_Italy: No records have been blocked together. Is the data you are trying to match like the data you trained on? If so, try adding more training data.
Error in ale_www_Germany: No records have been blocked together. Is the data you are trying to match like the data you trained on? If so, try adding more training data.
Error in all_www_United States: No records have been blocked together. Is the data you are trying to match like the data you trained on? If so, try adding more training data.
Error in alp_www_Brazil: No records have been blocked together. Is the data you are trying to match like the data you trained on? If so, try adding more training data.
Error in alt_www_United States: No records have been blocked together. Is the data you are trying to match like the data you trained on? If so, try adding more training data.
Error in ame_www_Australia: No records have been blocked together. Is the data you are trying to match like the data you trained on? If so, try adding more training data.
Error in ame_www_United States: No records have been blocked together. Is the data you are trying to match like the data you trained on? If so, try adding more training data.
Error in ari_www_Mexico: No records have been blocked together. Is the data you are trying to match like the data you trained on? If so, try adding more training data.
Error in ash_www_United Kingdom: No records have been blocked together. Is the data you are trying to match like the data you trained on? If so, try adding more training data.
Error in ast_ast_India: No records have been blocked together. Is the data you are trying to match like the data you trained on? If so, try adding more training data.
Error in at _www_United States: No records have been blocked together. Is the data you are trying to match like the data you trained on? If so, try adding more training data.
Error in atl_www_Qatar: No records have been blocked together. Is the data you are trying to match like the data you trained on? If so, try adding more training data.
Error in aut_aut_India: No records have been blocked together. Is the data you are trying to match like the data you trained on? If so, try adding more training data.
Error in aut_www_Germany: No records have been blocked together. Is the data you are trying to match like the data you trained on? If so, try adding more training data.
Error in aut_www_United States: No records have been blocked together. Is the data you are trying to match like the data you trained on? If so, try adding more training data.
Error in ava_www_Switzerland: No records have been blocked together. Is the data you are trying to match like the data you trained on? If so, try adding more training data.
Error in bab_www_United States: No records have been blocked together. Is the data you are trying to match like the data you trained on? If so, try adding more training data.
Error in bai_www_United States: No records have been blocked together. Is the data you are trying to match like the data you trained on? If so, try adding more training data.
Error in bar_www_France: No records have been blocked together. Is the data you are trying to match like the data you trained on? If so, try adding more training data.
Error in bea_www_United States: No records have been blocked together. Is the data you are trying to match like the data you trained on? If so, try adding more training data.
Error in bec_www_United States: No records have been blocked together. Is the data you are trying to match like the data you trained on? If so, try adding more training data.
Error in bee_www_United States: No records have been blocked together. Is the data you are trying to match like the data you trained on? If so, try adding more training data.
Error in ben_www_United States: No records have been blocked together. Is the data you are trying to match like the data you trained on? If so, try adding more training data.
Error in bes_www_Germany: No records have been blocked together. Is the data you are trying to match like the data you trained on? If so, try adding more training data.
Error in bla_www_United States: No records have been blocked together. Is the data you are trying to match like the data you trained on? If so, try adding more training data.
Error in blu_www_United States: No records have been blocked together. Is the data you are trying to match like the data you trained on? If so, try adding more training data.
Error in bos_www_United States: No records have been blocked together. Is the data you are trying to match like the data you trained on? If so, try adding more training data.
Error in bou_www_Netherlands: No records have been blocked together. Is the data you are trying to match like the data you trained on? If so, try adding more training data.
Error in bou_www_United States: No records have been blocked together. Is the data you are trying to match like the data you trained on? If so, try adding more training data.
Error in bue_www_United Kingdom: No records have been blocked together. Is the data you are trying to match like the data you trained on? If so, try adding more training data.
Error in cam_www_United Kingdom: No records have been blocked together. Is the data you are trying to match like the data you trained on? If so, try adding more training data.
Error in can_www_United States: No records have been blocked together. Is the data you are trying to match like the data you trained on? If so, try adding more training data.
Error in car_www_United Kingdom: No records have been blocked together. Is the data you are trying to match like the data you trained on? If so, try adding more training data.
Error in cas_www_United States: No records have been blocked together. Is the data you are trying to match like the data you trained on? If so, try adding more training data.
Error in cat_www_United States: No records have been blocked together. Is the data you are trying to match like the data you trained on? If so, try adding more training data.
Error in cba_www_Belgium: No records have been blocked together. Is the data you are trying to match like the data you trained on? If so, try adding more training data.
Error in cha_www_France: No records have been blocked together. Is the data you are trying to match like the data you trained on? If so, try adding more training data.
Error in cha_www_United States: No records have been blocked together. Is the data you are trying to match like the data you trained on? If so, try adding more training data.
Error in che_www_United States: No records have been blocked together. Is the data you are trying to match like the data you trained on? If so, try adding more training data.
Error in chi_www_United States: No records have been blocked together. Is the data you are trying to match like the data you trained on? If so, try adding more training data.
Error in chr_www_Germany: No records have been blocked together. Is the data you are trying to match like the data you trained on? If so, try adding more training data.
Error in chu_www_United States: No records have been blocked together. Is the data you are trying to match like the data you trained on? If so, try adding more training data.
Error in cla_www_United States: No records have been blocked together. Is the data you are trying to match like the data you trained on? If so, try adding more training data.
Error in coc_www_Italy: No records have been blocked together. Is the data you are trying to match like the data you trained on? If so, try adding more training data.
Error in com_www_United Kingdom: No records have been blocked together. Is the data you are trying to match like the data you trained on? If so, try adding more training data.
Error in con_www_Brazil: No records have been blocked together. Is the data you are trying to match like the data you trained on? If so, try adding more training data.
Error in con_www_United States: No records have been blocked together. Is the data you are trying to match like the data you trained on? If so, try adding more training data.
Error in coo_www_Australia: No records have been blocked together. Is the data you are trying to match like the data you trained on? If so, try adding more training data.
Error in cor_www_Mexico: No records have been blocked together. Is the data you are trying to match like the data you trained on? If so, try adding more training data.
Error in cor_www_United Kingdom: No records have been blocked together. Is the data you are trying to match like the data you trained on? If so, try adding more training data.
Error in cor_www_United States: No records have been blocked together. Is the data you are trying to match like the data you trained on? If so, try adding more training data.
Error in cou_www_United States: No records have been blocked together. Is the data you are trying to match like the data you trained on? If so, try adding more training data.
Error in cro_www_United States: No records have been blocked together. Is the data you are trying to match like the data you trained on? If so, try adding more training data.
Error in cso_www_United Kingdom: No records have been blocked together. Is the data you are trying to match like the data you trained on? If so, try adding more training data.
Error in dav_www_United States: No records have been blocked together. Is the data you are trying to match like the data you trained on? If so, try adding more training data.
Error in day_www_Canada: No records have been blocked together. Is the data you are trying to match like the data you trained on? If so, try adding more training data.
Error in den_www_United States: No records have been blocked together. Is the data you are trying to match like the data you trained on? If so, try adding more training data.
Error in des_###_ZZ: No records have been blocked together. Is the data you are trying to match like the data you trained on? If so, try adding more training data.
Error in des_www_United States: No records have been blocked together. Is the data you are trying to match like the data you trained on? If so, try adding more training data.
Error in dil_dil_United States: No records have been blocked together. Is the data you are trying to match like the data you trained on? If so, try adding more training data.
Error in doo_www_New Zealand: No records have been blocked together. Is the data you are trying to match like the data you trained on? If so, try adding more training data.
Error in dr _www_Germany: No records have been blocked together. Is the data you are trying to match like the data you trained on? If so, try adding more training data.
Error in dr _www_United States: No records have been blocked together. Is the data you are trying to match like the data you trained on? If so, try adding more training data.
Error in dru_www_Poland: No records have been blocked together. Is the data you are trying to match like the data you trained on? If so, try adding more training data.
Error in eco_www_United States: No records have been blocked together. Is the data you are trying to match like the data you trained on? If so, try adding more training data.
Error in ehp_www_France: No records have been blocked together. Is the data you are trying to match like the data you trained on? If so, try adding more training data.
Error in ele_ele_ZZ: No records have been blocked together. Is the data you are trying to match like the data you trained on? If so, try adding more training data.
Error in eli_www_United States: No records have been blocked together. Is the data you are trying to match like the data you trained on? If so, try adding more training data.
Error in ell_www_United Kingdom: No records have been blocked together. Is the data you are trying to match like the data you trained on? If so, try adding more training data.
Error in ell_www_United States: No records have been blocked together. Is the data you are trying to match like the data you trained on? If so, try adding more training data.
Error in erv_www_Brazil: No records have been blocked together. Is the data you are trying to match like the data you trained on? If so, try adding more training data.
Error in esc_esc_United States: No records have been blocked together. Is the data you are trying to match like the data you trained on? If so, try adding more training data.
Error in esc_www_Spain: No records have been blocked together. Is the data you are trying to match like the data you trained on? If so, try adding more training data.
Error in eye_www_United States: No records have been blocked together. Is the data you are trying to match like the data you trained on? If so, try adding more training data.
Error in fab_www_India: No records have been blocked together. Is the data you are trying to match like the data you trained on? If so, try adding more training data.
Error in fab_www_United Kingdom: No records have been blocked together. Is the data you are trying to match like the data you trained on? If so, try adding more training data.
Error in far_www_United States: No records have been blocked together. Is the data you are trying to match like the data you trained on? If so, try adding more training data.
Error in fas_www_Germany: No records have been blocked together. Is the data you are trying to match like the data you trained on? If so, try adding more training data.
Error in few_www_Germany: No records have been blocked together. Is the data you are trying to match like the data you trained on? If so, try adding more training data.
Error in fir_www_United States: No records have been blocked together. Is the data you are trying to match like the data you trained on? If so, try adding more training data.
Error in for_www_Australia: No records have been blocked together. Is the data you are trying to match like the data you trained on? If so, try adding more training data.
Error in for_www_United Kingdom: No records have been blocked together. Is the data you are trying to match like the data you trained on? If so, try adding more training data.
Error in fou_www_United States: No records have been blocked together. Is the data you are trying to match like the data you trained on? If so, try adding more training data.
Error in fri_www_Germany: No records have been blocked together. Is the data you are trying to match like the data you trained on? If so, try adding more training data.
Error in fuj_www_Australia: No records have been blocked together. Is the data you are trying to match like the data you trained on? If so, try adding more training data.
Error in fun_www_Brazil: No records have been blocked together. Is the data you are trying to match like the data you trained on? If so, try adding more training data.
Error in fun_www_Spain: No records have been blocked together. Is the data you are trying to match like the data you trained on? If so, try adding more training data.
Error in gal_www_United States: No records have been blocked together. Is the data you are trying to match like the data you trained on? If so, try adding more training data.
Error in gar_www_United States: No records have been blocked together. Is the data you are trying to match like the data you trained on? If so, try adding more training data.
Error in gat_www_United States: No records have been blocked together. Is the data you are trying to match like the data you trained on? If so, try adding more training data.
Error in gem_www_Switzerland: No records have been blocked together. Is the data you are trying to match like the data you trained on? If so, try adding more training data.
Error in gen_www_United States: No records have been blocked together. Is the data you are trying to match like the data you trained on? If so, try adding more training data.
Error in gle_www_Australia: No records have been blocked together. Is the data you are trying to match like the data you trained on? If so, try adding more training data.
Error in goo_www_United Kingdom: No records have been blocked together. Is the data you are trying to match like the data you trained on? If so, try adding more training data.
Error in gra_gra_United Kingdom: No records have been blocked together. Is the data you are trying to match like the data you trained on? If so, try adding more training data.
Error in gra_gra_United States: No records have been blocked together. Is the data you are trying to match like the data you trained on? If so, try adding more training data.
Error in gra_gra_ZZ: No records have been blocked together. Is the data you are trying to match like the data you trained on? If so, try adding more training data.
Error in gra_www_United States: No records have been blocked together. Is the data you are trying to match like the data you trained on? If so, try adding more training data.
Error in gre_www_Taiwan: No records have been blocked together. Is the data you are trying to match like the data you trained on? If so, try adding more training data.
Error in gro_www_United States: No records have been blocked together. Is the data you are trying to match like the data you trained on? If so, try adding more training data.
Error in han_han_Germany: No records have been blocked together. Is the data you are trying to match like the data you trained on? If so, try adding more training data.
Error in hau_www_Germany: No records have been blocked together. Is the data you are trying to match like the data you trained on? If so, try adding more training data.
Error in hei_www_Germany: No records have been blocked together. Is the data you are trying to match like the data you trained on? If so, try adding more training data.
Error in hel_www_Germany: No records have been blocked together. Is the data you are trying to match like the data you trained on? If so, try adding more training data.
Error in hel_www_United States: No records have been blocked together. Is the data you are trying to match like the data you trained on? If so, try adding more training data.
Error in her_www_United States: No records have been blocked together. Is the data you are trying to match like the data you trained on? If so, try adding more training data.
Error in her_www_ZZ: No records have been blocked together. Is the data you are trying to match like the data you trained on? If so, try adding more training data.
Error in hig_www_United States: No records have been blocked together. Is the data you are trying to match like the data you trained on? If so, try adding more training data.
Error in ho _www_United States: No records have been blocked together. Is the data you are trying to match like the data you trained on? If so, try adding more training data.
Error in hoc_www_Germany: No records have been blocked together. Is the data you are trying to match like the data you trained on? If so, try adding more training data.
Error in hot_www_Germany: No records have been blocked together. Is the data you are trying to match like the data you trained on? If so, try adding more training data.
Error in hot_www_Italy: No records have been blocked together. Is the data you are trying to match like the data you trained on? If so, try adding more training data.
Error in hou_www_Netherlands: No records have been blocked together. Is the data you are trying to match like the data you trained on? If so, try adding more training data.
Error in int_www_United States: No records have been blocked together. Is the data you are trying to match like the data you trained on? If so, try adding more training data.
Error in iri_www_ZZ: No records have been blocked together. Is the data you are trying to match like the data you trained on? If so, try adding more training data.
Error in jac_www_United States: No records have been blocked together. Is the data you are trying to match like the data you trained on? If so, try adding more training data.
Error in jap_www_Japan: No records have been blocked together. Is the data you are trying to match like the data you trained on? If so, try adding more training data.
Error in jef_www_United States: No records have been blocked together. Is the data you are trying to match like the data you trained on? If so, try adding more training data.
Error in jen_www_United States: No records have been blocked together. Is the data you are trying to match like the data you trained on? If so, try adding more training data.
Error in jer_www_United States: No records have been blocked together. Is the data you are trying to match like the data you trained on? If so, try adding more training data.
Error in joh_www_ZZ: No records have been blocked together. Is the data you are trying to match like the data you trained on? If so, try adding more training data.
Error in juw_www_Germany: No records have been blocked together. Is the data you are trying to match like the data you trained on? If so, try adding more training data.
Error in kat_www_Germany: No records have been blocked together. Is the data you are trying to match like the data you trained on? If so, try adding more training data.
Error in ken_www_United States: No records have been blocked together. Is the data you are trying to match like the data you trained on? If so, try adding more training data.
Error in ket_www_United States: No records have been blocked together. Is the data you are trying to match like the data you trained on? If so, try adding more training data.
Error in kob_kob_Netherlands: No records have been blocked together. Is the data you are trying to match like the data you trained on? If so, try adding more training data.
Error in l a_www_France: No records have been blocked together. Is the data you are trying to match like the data you trained on? If so, try adding more training data.
Error in la _www_France: No records have been blocked together. Is the data you are trying to match like the data you trained on? If so, try adding more training data.
Error in lab_www_Brazil: No records have been blocked together. Is the data you are trying to match like the data you trained on? If so, try adding more training data.
Error in lak_lak_United States: No records have been blocked together. Is the data you are trying to match like the data you trained on? If so, try adding more training data.
Error in lak_www_United Kingdom: No records have been blocked together. Is the data you are trying to match like the data you trained on? If so, try adding more training data.
Error in lan_www_United States: No records have been blocked together. Is the data you are trying to match like the data you trained on? If so, try adding more training data.
Error in las_www_United Kingdom: No records have been blocked together. Is the data you are trying to match like the data you trained on? If so, try adding more training data.
Error in leg_www_United States: No records have been blocked together. Is the data you are trying to match like the data you trained on? If so, try adding more training data.
Error in les_www_Canada: No records have been blocked together. Is the data you are trying to match like the data you trained on? If so, try adding more training data.
Error in les_www_France: No records have been blocked together. Is the data you are trying to match like the data you trained on? If so, try adding more training data.
Error in liv_www_Australia: No records have been blocked together. Is the data you are trying to match like the data you trained on? If so, try adding more training data.
Error in luc_www_United States: No records have been blocked together. Is the data you are trying to match like the data you trained on? If so, try adding more training data.
Error in mal_www_Germany: No records have been blocked together. Is the data you are trying to match like the data you trained on? If so, try adding more training data.
Error in mal_www_United States: No records have been blocked together. Is the data you are trying to match like the data you trained on? If so, try adding more training data.
Error in mar_mar_United States: No records have been blocked together. Is the data you are trying to match like the data you trained on? If so, try adding more training data.
Error in mar_www_Brazil: No records have been blocked together. Is the data you are trying to match like the data you trained on? If so, try adding more training data.
Error in mar_www_Germany: No records have been blocked together. Is the data you are trying to match like the data you trained on? If so, try adding more training data.
Error in mar_www_United States: No records have been blocked together. Is the data you are trying to match like the data you trained on? If so, try adding more training data.
Error in med_www_Austria: No records have been blocked together. Is the data you are trying to match like the data you trained on? If so, try adding more training data.
Error in mic_www_United States: No records have been blocked together. Is the data you are trying to match like the data you trained on? If so, try adding more training data.
Error in mid_www_United States: No records have been blocked together. Is the data you are trying to match like the data you trained on? If so, try adding more training data.
Error in mil_www_United States: No records have been blocked together. Is the data you are trying to match like the data you trained on? If so, try adding more training data.
Error in moo_www_United States: No records have been blocked together. Is the data you are trying to match like the data you trained on? If so, try adding more training data.
Error in myn_www_United Kingdom: No records have been blocked together. Is the data you are trying to match like the data you trained on? If so, try adding more training data.
Error in nav_www_United States: No records have been blocked together. Is the data you are trying to match like the data you trained on? If so, try adding more training data.
Error in net_www_United Kingdom: No records have been blocked together. Is the data you are trying to match like the data you trained on? If so, try adding more training data.
Error in new_new_Germany: No records have been blocked together. Is the data you are trying to match like the data you trained on? If so, try adding more training data.
Error in new_www_United States: No records have been blocked together. Is the data you are trying to match like the data you trained on? If so, try adding more training data.
Error in new_www_ZZ: No records have been blocked together. Is the data you are trying to match like the data you trained on? If so, try adding more training data.
Error in nex_www_Germany: No records have been blocked together. Is the data you are trying to match like the data you trained on? If so, try adding more training data.
Error in nex_www_United States: No records have been blocked together. Is the data you are trying to match like the data you trained on? If so, try adding more training data.
Error in nic_www_United Kingdom: No records have been blocked together. Is the data you are trying to match like the data you trained on? If so, try adding more training data.
Error in nin_www_United States: No records have been blocked together. Is the data you are trying to match like the data you trained on? If so, try adding more training data.
Error in nos_www_United States: No records have been blocked together. Is the data you are trying to match like the data you trained on? If so, try adding more training data.
Error in opt_www_United States: No records have been blocked together. Is the data you are trying to match like the data you trained on? If so, try adding more training data.
Error in ore_www_United States: No records have been blocked together. Is the data you are trying to match like the data you trained on? If so, try adding more training data.
Error in pat_www_United States: No records have been blocked together. Is the data you are trying to match like the data you trained on? If so, try adding more training data.
Error in pav_www_United States: No records have been blocked together. Is the data you are trying to match like the data you trained on? If so, try adding more training data.
Error in pay_www_United Kingdom: No records have been blocked together. Is the data you are trying to match like the data you trained on? If so, try adding more training data.
Error in pea_www_United Kingdom: No records have been blocked together. Is the data you are trying to match like the data you trained on? If so, try adding more training data.
Error in ped_www_United States: No records have been blocked together. Is the data you are trying to match like the data you trained on? If so, try adding more training data.
Error in peg_www_Brazil: No records have been blocked together. Is the data you are trying to match like the data you trained on? If so, try adding more training data.
Error in per_www_United Kingdom: No records have been blocked together. Is the data you are trying to match like the data you trained on? If so, try adding more training data.
Error in pet_www_United States: No records have been blocked together. Is the data you are trying to match like the data you trained on? If so, try adding more training data.
Error in pho_pho_Japan: No records have been blocked together. Is the data you are trying to match like the data you trained on? If so, try adding more training data.
Error in pil_pil_United States: No records have been blocked together. Is the data you are trying to match like the data you trained on? If so, try adding more training data.
Error in piz_www_United States: No records have been blocked together. Is the data you are trying to match like the data you trained on? If so, try adding more training data.
Error in pom_www_France: No records have been blocked together. Is the data you are trying to match like the data you trained on? If so, try adding more training data.
Error in pra_pra_India: No records have been blocked together. Is the data you are trying to match like the data you trained on? If so, try adding more training data.
Error in pro_pro_United States: No records have been blocked together. Is the data you are trying to match like the data you trained on? If so, try adding more training data.
Error in pro_www_France: No records have been blocked together. Is the data you are trying to match like the data you trained on? If so, try adding more training data.
Error in pro_www_Germany: No records have been blocked together. Is the data you are trying to match like the data you trained on? If so, try adding more training data.
Error in puc_www_United Kingdom: No records have been blocked together. Is the data you are trying to match like the data you trained on? If so, try adding more training data.
Error in rac_www_United Kingdom: No records have been blocked together. Is the data you are trying to match like the data you trained on? If so, try adding more training data.
Error in rea_www_United Kingdom: No records have been blocked together. Is the data you are trying to match like the data you trained on? If so, try adding more training data.
Error in rea_www_United States: No records have been blocked together. Is the data you are trying to match like the data you trained on? If so, try adding more training data.
Error in ree_www_United States: No records have been blocked together. Is the data you are trying to match like the data you trained on? If so, try adding more training data.
Error in reh_www_India: No records have been blocked together. Is the data you are trying to match like the data you trained on? If so, try adding more training data.
Error in res_www_Spain: No records have been blocked together. Is the data you are trying to match like the data you trained on? If so, try adding more training data.
Error in ric_www_Germany: No records have been blocked together. Is the data you are trying to match like the data you trained on? If so, try adding more training data.
Error in rom_www_United States: No records have been blocked together. Is the data you are trying to match like the data you trained on? If so, try adding more training data.
Error in rou_www_United States: No records have been blocked together. Is the data you are trying to match like the data you trained on? If so, try adding more training data.
Error in rut_www_Brazil: No records have been blocked together. Is the data you are trying to match like the data you trained on? If so, try adding more training data.
Error in saf_www_United Kingdom: No records have been blocked together. Is the data you are trying to match like the data you trained on? If so, try adding more training data.
Error in sal_sal_Netherlands: No records have been blocked together. Is the data you are trying to match like the data you trained on? If so, try adding more training data.
Error in sco_www_United States: No records have been blocked together. Is the data you are trying to match like the data you trained on? If so, try adding more training data.
Error in sel_www_United States: No records have been blocked together. Is the data you are trying to match like the data you trained on? If so, try adding more training data.
Error in sen_www_United Kingdom: No records have been blocked together. Is the data you are trying to match like the data you trained on? If so, try adding more training data.
Error in sho_www_Japan: No records have been blocked together. Is the data you are trying to match like the data you trained on? If so, try adding more training data.
Error in sig_www_United Kingdom: No records have been blocked together. Is the data you are trying to match like the data you trained on? If so, try adding more training data.
Error in ski_ski_United States: No records have been blocked together. Is the data you are trying to match like the data you trained on? If so, try adding more training data.
Error in st _www_United Kingdom: No records have been blocked together. Is the data you are trying to match like the data you trained on? If so, try adding more training data.
Error in st _www_United States: No records have been blocked together. Is the data you are trying to match like the data you trained on? If so, try adding more training data.
Error in ste_###_United Kingdom: No records have been blocked together. Is the data you are trying to match like the data you trained on? If so, try adding more training data.
Error in ste_www_Tunisia: No records have been blocked together. Is the data you are trying to match like the data you trained on? If so, try adding more training data.
Error in ste_www_United States: No records have been blocked together. Is the data you are trying to match like the data you trained on? If so, try adding more training data.
Error in sun_sun_United States: No records have been blocked together. Is the data you are trying to match like the data you trained on? If so, try adding more training data.
Error in sur_www_India: No records have been blocked together. Is the data you are trying to match like the data you trained on? If so, try adding more training data.
Error in tac_www_ZZ: No records have been blocked together. Is the data you are trying to match like the data you trained on? If so, try adding more training data.
Error in tak_tak_Japan: No records have been blocked together. Is the data you are trying to match like the data you trained on? If so, try adding more training data.
Error in tal_www_Taiwan: No records have been blocked together. Is the data you are trying to match like the data you trained on? If so, try adding more training data.
Error in tay_www_United States: No records have been blocked together. Is the data you are trying to match like the data you trained on? If so, try adding more training data.
Error in tec_www_Switzerland: No records have been blocked together. Is the data you are trying to match like the data you trained on? If so, try adding more training data.
Error in ter_www_Turkey: No records have been blocked together. Is the data you are trying to match like the data you trained on? If so, try adding more training data.
Error in the_###_United Kingdom: No records have been blocked together. Is the data you are trying to match like the data you trained on? If so, try adding more training data.
Error in the_###_ZZ: No records have been blocked together. Is the data you are trying to match like the data you trained on? If so, try adding more training data.
Error in the_the_United States: No records have been blocked together. Is the data you are trying to match like the data you trained on? If so, try adding more training data.
Error in the_www_Australia: No records have been blocked together. Is the data you are trying to match like the data you trained on? If so, try adding more training data.
Error in the_www_India: No records have been blocked together. Is the data you are trying to match like the data you trained on? If so, try adding more training data.
Error in the_www_Netherlands: No records have been blocked together. Is the data you are trying to match like the data you trained on? If so, try adding more training data.
Error in the_www_ZZ: No records have been blocked together. Is the data you are trying to match like the data you trained on? If so, try adding more training data.
Error in tho_han_United States: No records have been blocked together. Is the data you are trying to match like the data you trained on? If so, try adding more training data.
Error in tim_tim_United States: No records have been blocked together. Is the data you are trying to match like the data you trained on? If so, try adding more training data.
Error in tim_www_United Kingdom: No records have been blocked together. Is the data you are trying to match like the data you trained on? If so, try adding more training data.
Error in tod_www_United States: No records have been blocked together. Is the data you are trying to match like the data you trained on? If so, try adding more training data.
Error in ton_www_United States: No records have been blocked together. Is the data you are trying to match like the data you trained on? If so, try adding more training data.
Error in tor_www_United States: No records have been blocked together. Is the data you are trying to match like the data you trained on? If so, try adding more training data.
Error in tri_www_United Kingdom: No records have been blocked together. Is the data you are trying to match like the data you trained on? If so, try adding more training data.
Error in ult_ult_Australia: No records have been blocked together. Is the data you are trying to match like the data you trained on? If so, try adding more training data.
Error in uni_www_Italy: No records have been blocked together. Is the data you are trying to match like the data you trained on? If so, try adding more training data.
Error in uni_www_Spain: No records have been blocked together. Is the data you are trying to match like the data you trained on? If so, try adding more training data.
Error in usp_www_United Kingdom: No records have been blocked together. Is the data you are trying to match like the data you trained on? If so, try adding more training data.
Error in val_www_Germany: No records have been blocked together. Is the data you are trying to match like the data you trained on? If so, try adding more training data.
Error in vap_www_Malaysia: No records have been blocked together. Is the data you are trying to match like the data you trained on? If so, try adding more training data.
Error in ver_www_Germany: No records have been blocked together. Is the data you are trying to match like the data you trained on? If so, try adding more training data.
Error in vol_www_India: No records have been blocked together. Is the data you are trying to match like the data you trained on? If so, try adding more training data.
Error in wel_www_United States: No records have been blocked together. Is the data you are trying to match like the data you trained on? If so, try adding more training data.
Error in wer_www_United Kingdom: No records have been blocked together. Is the data you are trying to match like the data you trained on? If so, try adding more training data.
Error in woo_###_ZZ: No records have been blocked together. Is the data you are trying to match like the data you trained on? If so, try adding more training data.
Error in zac_kon_Greece: No records have been blocked together. Is the data you are trying to match like the data you trained on? If so, try adding more training data.
Error in zav_www_Slovenia: No records have been blocked together. Is the data you are trying to match like the data you trained on? If so, try adding more training data.
